Info 0    [21:13:29.447] Starting TS Server
Info 1    [21:13:29.448] Version: 4.3.5
Info 2    [21:13:29.448] Arguments: /home/gfteixeira/.nvm/versions/node/v15.14.0/bin/node /home/gfteixeira/Documentos/web/react/react-cryptotracker/node_modules/.bin/tsserver --logFile /home/gfteixeira/Documentos/web/react/react-cryptotracker/.log/tsserver.log --logVerbosity info --cancellationPipeName /tmp/72a60ebad38d7f54f0f9727009d93320/tscancellation*
Info 3    [21:13:29.448] Platform: linux NodeVersion: 15 CaseSensitive: true
Info 4    [21:13:29.448] ServerMode: undefined syntaxOnly: false hasUnknownServerMode: undefined
Info 5    [21:13:29.475] Search path: /home/gfteixeira/Documentos/web/react/react-cryptotracker/src/Components
Info 6    [21:13:29.476] For info: /home/gfteixeira/Documentos/web/react/react-cryptotracker/src/Components/Form.js :: No config files found.
Info 7    [21:13:29.484] Starting updateGraphWorker: Project: /dev/null/inferredProject1*
Info 8    [21:13:34.987] Finishing updateGraphWorker: Project: /dev/null/inferredProject1* Version: 1 structureChanged: true Elapsed: 5502.770243998617ms
Info 9    [21:13:34.987] Project '/dev/null/inferredProject1*' (Inferred)
Info 10   [21:13:34.987] 	Files (199)

Info 11   [21:13:34.987] -----------------------------------------------
Info 12   [21:13:35.019] Starting updateGraphWorker: Project: /dev/null/autoImportProviderProject1*
Info 13   [21:13:37.016] Finishing updateGraphWorker: Project: /dev/null/autoImportProviderProject1* Version: 1 structureChanged: true Elapsed: 1997.2260560002178ms
Info 14   [21:13:37.016] Project '/dev/null/autoImportProviderProject1*' (AutoImportProvider)
Info 15   [21:13:37.016] 	Files (91)

Info 16   [21:13:37.016] -----------------------------------------------
Info 17   [21:13:56.043] Starting updateGraphWorker: Project: /dev/null/inferredProject1*
Info 18   [21:13:56.171] Finishing updateGraphWorker: Project: /dev/null/inferredProject1* Version: 2 structureChanged: false Elapsed: 128.0827270001173ms
Info 19   [21:13:56.171] Different program with same set of files:: structureIsReused:: 2
Info 20   [21:13:56.255] Starting updateGraphWorker: Project: /dev/null/inferredProject1*
Info 21   [21:13:56.328] Finishing updateGraphWorker: Project: /dev/null/inferredProject1* Version: 3 structureChanged: false Elapsed: 72.43890799954534ms
Info 22   [21:13:56.328] Different program with same set of files:: structureIsReused:: 2
Info 23   [21:13:57.113] Starting updateGraphWorker: Project: /dev/null/inferredProject1*
Info 24   [21:13:57.181] Finishing updateGraphWorker: Project: /dev/null/inferredProject1* Version: 4 structureChanged: false Elapsed: 67.06328300014138ms
Info 25   [21:13:57.181] Different program with same set of files:: structureIsReused:: 2
Info 26   [21:13:57.862] Starting updateGraphWorker: Project: /dev/null/inferredProject1*
Info 27   [21:13:57.997] Finishing updateGraphWorker: Project: /dev/null/inferredProject1* Version: 5 structureChanged: true Elapsed: 134.77969999983907ms
Info 28   [21:13:57.997] Different program with same set of files:: structureIsReused:: 1
Info 29   [21:13:58.536] Starting updateGraphWorker: Project: /dev/null/inferredProject1*
Info 30   [21:13:58.664] Finishing updateGraphWorker: Project: /dev/null/inferredProject1* Version: 6 structureChanged: true Elapsed: 127.88229100033641ms
Info 31   [21:13:58.664] Different program with same set of files:: structureIsReused:: 1
Info 32   [21:13:58.667] Starting updateGraphWorker: Project: /dev/null/inferredProject1*
Info 33   [21:13:58.790] Finishing updateGraphWorker: Project: /dev/null/inferredProject1* Version: 7 structureChanged: true Elapsed: 122.51072099991143ms
Info 34   [21:13:58.790] Different program with same set of files:: structureIsReused:: 1
Info 35   [21:13:59.100] Starting updateGraphWorker: Project: /dev/null/inferredProject1*
Info 36   [21:13:59.213] Finishing updateGraphWorker: Project: /dev/null/inferredProject1* Version: 8 structureChanged: true Elapsed: 112.75779100134969ms
Info 37   [21:13:59.213] Different program with same set of files:: structureIsReused:: 1
Info 38   [21:13:59.950] Starting updateGraphWorker: Project: /dev/null/inferredProject1*
Info 39   [21:14:00.046] Finishing updateGraphWorker: Project: /dev/null/inferredProject1* Version: 9 structureChanged: true Elapsed: 96.27650399878621ms
Info 40   [21:14:00.047] Different program with same set of files:: structureIsReused:: 1
Info 41   [21:14:01.061] Starting updateGraphWorker: Project: /dev/null/inferredProject1*
Info 42   [21:14:01.153] Finishing updateGraphWorker: Project: /dev/null/inferredProject1* Version: 10 structureChanged: true Elapsed: 92.23249899968505ms
Info 43   [21:14:01.153] Different program with same set of files:: structureIsReused:: 1
Info 44   [21:14:01.195] Starting updateGraphWorker: Project: /dev/null/inferredProject1*
Info 45   [21:14:01.294] Finishing updateGraphWorker: Project: /dev/null/inferredProject1* Version: 11 structureChanged: true Elapsed: 99.66883100010455ms
Info 46   [21:14:01.294] Different program with same set of files:: structureIsReused:: 1
Info 47   [21:14:01.989] Starting updateGraphWorker: Project: /dev/null/inferredProject1*
Info 48   [21:14:02.068] Finishing updateGraphWorker: Project: /dev/null/inferredProject1* Version: 12 structureChanged: true Elapsed: 79.08998299948871ms
Info 49   [21:14:02.068] Different program with same set of files:: structureIsReused:: 1
Info 50   [21:14:02.660] Starting updateGraphWorker: Project: /dev/null/inferredProject1*
Info 51   [21:14:02.720] Finishing updateGraphWorker: Project: /dev/null/inferredProject1* Version: 13 structureChanged: false Elapsed: 58.87434700131416ms
Info 52   [21:14:02.720] Different program with same set of files:: structureIsReused:: 2
Info 53   [21:16:51.555] Starting updateGraphWorker: Project: /dev/null/inferredProject1*
Info 54   [21:16:51.678] Finishing updateGraphWorker: Project: /dev/null/inferredProject1* Version: 14 structureChanged: false Elapsed: 122.02504800073802ms
Info 55   [21:16:51.678] Different program with same set of files:: structureIsReused:: 2
Info 56   [21:16:51.681] getCompletionData: Get current token: 0.05825999937951565
Info 57   [21:16:51.681] getCompletionData: Is inside comment: 0.016530999913811684
Info 58   [21:16:51.682] getCompletionData: Get previous token 1: 0.3057029992341995
Info 59   [21:16:51.682] getCompletionData: Get previous token 2: 0.22935599833726883
Info 60   [21:16:51.683] getCompletionsAtPosition: isCompletionListBlocker: 0.5403090007603168
Info 61   [21:16:51.835] getCompletionData: Semantic work: 151.5504180006683
Info 62   [21:16:51.857] getCompletionsAtPosition: getCompletionEntriesFromSymbols: 15.735553000122309
Info 63   [21:16:51.862] getCompletionData: Get current token: 0.05471999943256378
Info 64   [21:16:51.862] getCompletionData: Is inside comment: 0.01803099922835827
Info 65   [21:16:51.862] getCompletionData: Get previous token 1: 0.16551299951970577
Info 66   [21:16:51.863] getCompletionData: Get previous token 2: 0.1616890002042055
Info 67   [21:16:51.863] getCompletionsAtPosition: isCompletionListBlocker: 0.043804001063108444
Info 68   [21:16:51.880] getCompletionData: Semantic work: 16.57396800071001
Info 69   [21:16:51.893] getCompletionsAtPosition: getCompletionEntriesFromSymbols: 10.192645000293851
Info 70   [21:16:51.895] getCompletionData: Get current token: 0.02909800037741661
Info 71   [21:16:51.895] getCompletionData: Is inside comment: 0.015629999339580536
Info 72   [21:16:51.895] getCompletionData: Get previous token 1: 0.10665700025856495
Info 73   [21:16:51.896] getCompletionData: Get previous token 2: 0.1037600003182888
Info 74   [21:16:51.896] getCompletionsAtPosition: isCompletionListBlocker: 0.038124000653624535
Info 75   [21:16:51.908] getCompletionData: Semantic work: 12.217667998746037
Info 76   [21:16:51.920] getCompletionsAtPosition: getCompletionEntriesFromSymbols: 9.559010999277234
